<?xml version="1.0" encoding="UTF-8"?>
<!-- Generated by org.testng.reporters.JUnitReportReporter -->
<testsuite skipped="0" hostname="DESKTOP-979LFVD" name="TestPackage.SampleProgramme" tests="1" failures="0" timestamp="22 Jul 2018 15:42:11 GMT" time="0.013" errors="0">
  <testcase name="test" time="0.013" classname="TestPackage.SampleProgramme"/>
</testsuite> <!-- TestPackage.SampleProgramme -->
